<?xml version="1.0" encoding="UTF-8"?>
<coverage generated="1740629227731" clover="3.2.0">
  <project timestamp="1740629227731" name="All files">
    <metrics statements="42" coveredstatements="33" conditionals="16" coveredconditionals="13" methods="12" coveredmethods="8" elements="70" coveredelements="54" complexity="0" loc="42" ncloc="42" packages="1" files="1" classes="1"/>
    <file name="App.tsx" path="C:\Users\maxim\Documents\gitprojects\valentine\src\App.tsx">
      <metrics statements="42" coveredstatements="33" conditionals="16" coveredconditionals="13" methods="12" coveredmethods="8"/>
      <line num="1" count="1" type="stmt"/>
      <line num="2" count="1" type="stmt"/>
      <line num="3" count="1" type="stmt"/>
      <line num="5" count="1" type="stmt"/>
      <line num="6" count="7" type="stmt"/>
      <line num="7" count="7" type="stmt"/>
      <line num="8" count="7" type="stmt"/>
      <line num="9" count="7" type="stmt"/>
      <line num="10" count="7" type="stmt"/>
      <line num="12" count="7" type="stmt"/>
      <line num="13" count="5" type="stmt"/>
      <line num="14" count="1" type="stmt"/>
      <line num="17" count="5" type="stmt"/>
      <line num="18" count="5" type="stmt"/>
      <line num="21" count="7" type="stmt"/>
      <line num="32" count="7" type="stmt"/>
      <line num="33" count="0" type="stmt"/>
      <line num="34" count="0" type="stmt"/>
      <line num="35" count="0" type="stmt"/>
      <line num="37" count="0" type="stmt"/>
      <line num="38" count="0" type="stmt"/>
      <line num="40" count="0" type="stmt"/>
      <line num="42" count="0" type="stmt"/>
      <line num="45" count="7" type="stmt"/>
      <line num="46" count="5" type="stmt"/>
      <line num="47" count="5" type="stmt"/>
      <line num="49" count="0" type="stmt"/>
      <line num="55" count="5" type="stmt"/>
      <line num="58" count="7" type="stmt"/>
      <line num="59" count="1" type="stmt"/>
      <line num="60" count="1" type="cond" truecount="0" falsecount="1"/>
      <line num="61" count="0" type="stmt"/>
      <line num="63" count="1" type="stmt"/>
      <line num="64" count="1" type="cond" truecount="1" falsecount="0"/>
      <line num="65" count="1" type="stmt"/>
      <line num="66" count="1" type="stmt"/>
      <line num="73" count="7" type="stmt"/>
      <line num="74" count="1" type="stmt"/>
      <line num="75" count="1" type="cond" truecount="1" falsecount="1"/>
      <line num="76" count="1" type="stmt"/>
      <line num="77" count="30" type="cond" truecount="1" falsecount="1"/>
      <line num="81" count="7" type="stmt"/>
    </file>
  </project>
</coverage>
