{"C:\\Users\\maxim\\Documents\\gitprojects\\valentine\\src\\App.tsx": {"path":"C:\\Users\\maxim\\Documents\\gitprojects\\valentine\\src\\App.tsx","statementMap":{"0":{"start":{"line":5,"column":0},"end":{"line":5,"column":24}},"1":{"start":{"line":1,"column":0},"end":{"line":1,"column":57}},"2":{"start":{"line":2,"column":0},"end":{"line":2,"column":48}},"3":{"start":{"line":3,"column":0},"end":{"line":3,"column":19}},"4":{"start":{"line":6,"column":32},"end":{"line":6,"column":43}},"5":{"start":{"line":7,"column":38},"end":{"line":7,"column":53}},"6":{"start":{"line":8,"column":34},"end":{"line":8,"column":58}},"7":{"start":{"line":9,"column":42},"end":{"line":9,"column":56}},"8":{"start":{"line":10,"column":34},"end":{"line":10,"column":68}},"9":{"start":{"line":12,"column":2},"end":{"line":19,"column":9}},"10":{"start":{"line":13,"column":25},"end":{"line":15,"column":5}},"11":{"start":{"line":14,"column":6},"end":{"line":14,"column":44}},"12":{"start":{"line":17,"column":4},"end":{"line":17,"column":52}},"13":{"start":{"line":18,"column":4},"end":{"line":18,"column":68}},"14":{"start":{"line":18,"column":17},"end":{"line":18,"column":67}},"15":{"start":{"line":21,"column":19},"end":{"line":30,"column":4}},"16":{"start":{"line":32,"column":32},"end":{"line":43,"column":8}},"17":{"start":{"line":33,"column":21},"end":{"line":33,"column":50}},"18":{"start":{"line":34,"column":4},"end":{"line":34,"column":47}},"19":{"start":{"line":35,"column":4},"end":{"line":35,"column":33}},"20":{"start":{"line":37,"column":4},"end":{"line":37,"column":53}},"21":{"start":{"line":38,"column":4},"end":{"line":38,"column":67}},"22":{"start":{"line":40,"column":4},"end":{"line":40,"column":40}},"23":{"start":{"line":42,"column":4},"end":{"line":42,"column":46}},"24":{"start":{"line":42,"column":21},"end":{"line":42,"column":38}},"25":{"start":{"line":45,"column":2},"end":{"line":56,"column":40}},"26":{"start":{"line":46,"column":21},"end":{"line":46,"column":57}},"27":{"start":{"line":47,"column":21},"end":{"line":53,"column":null}},"28":{"start":{"line":49,"column":8},"end":{"line":51,"column":10}},"29":{"start":{"line":55,"column":4},"end":{"line":55,"column":41}},"30":{"start":{"line":55,"column":17},"end":{"line":55,"column":40}},"31":{"start":{"line":58,"column":24},"end":{"line":71,"column":3}},"32":{"start":{"line":59,"column":4},"end":{"line":59,"column":28}},"33":{"start":{"line":60,"column":4},"end":{"line":62,"column":5}},"34":{"start":{"line":61,"column":6},"end":{"line":61,"column":29}},"35":{"start":{"line":63,"column":22},"end":{"line":63,"column":63}},"36":{"start":{"line":64,"column":4},"end":{"line":70,"column":5}},"37":{"start":{"line":65,"column":19},"end":{"line":65,"column":52}},"38":{"start":{"line":66,"column":6},"end":{"line":69,"column":9}},"39":{"start":{"line":73,"column":25},"end":{"line":79,"column":3}},"40":{"start":{"line":74,"column":4},"end":{"line":74,"column":24}},"41":{"start":{"line":75,"column":27},"end":{"line":75,"column":45}},"42":{"start":{"line":76,"column":4},"end":{"line":78,"column":5}},"43":{"start":{"line":76,"column":17},"end":{"line":76,"column":18}},"44":{"start":{"line":77,"column":6},"end":{"line":77,"column":80}},"45":{"start":{"line":77,"column":23},"end":{"line":77,"column":50}},"46":{"start":{"line":81,"column":2},"end":{"line":128,"column":4}}},"fnMap":{"0":{"name":"ValentineProposal","decl":{"start":{"line":5,"column":24},"end":{"line":5,"column":41}},"loc":{"start":{"line":5,"column":41},"end":{"line":129,"column":1}}},"1":{"name":"(anonymous_2)","decl":{"start":{"line":12,"column":12},"end":{"line":12,"column":15}},"loc":{"start":{"line":12,"column":17},"end":{"line":19,"column":3}}},"2":{"name":"(anonymous_3)","decl":{"start":{"line":13,"column":25},"end":{"line":13,"column":28}},"loc":{"start":{"line":13,"column":30},"end":{"line":15,"column":5}}},"3":{"name":"(anonymous_4)","decl":{"start":{"line":18,"column":11},"end":{"line":18,"column":14}},"loc":{"start":{"line":18,"column":17},"end":{"line":18,"column":67}}},"4":{"name":"(anonymous_5)","decl":{"start":{"line":32,"column":44},"end":{"line":32,"column":45}},"loc":{"start":{"line":32,"column":64},"end":{"line":43,"column":3}}},"5":{"name":"(anonymous_6)","decl":{"start":{"line":42,"column":15},"end":{"line":42,"column":18}},"loc":{"start":{"line":42,"column":21},"end":{"line":42,"column":38}}},"6":{"name":"(anonymous_7)","decl":{"start":{"line":45,"column":12},"end":{"line":45,"column":15}},"loc":{"start":{"line":45,"column":17},"end":{"line":56,"column":3}}},"7":{"name":"(anonymous_8)","decl":{"start":{"line":48,"column":6},"end":{"line":48,"column":9}},"loc":{"start":{"line":48,"column":11},"end":{"line":52,"column":7}}},"8":{"name":"(anonymous_9)","decl":{"start":{"line":55,"column":11},"end":{"line":55,"column":14}},"loc":{"start":{"line":55,"column":17},"end":{"line":55,"column":40}}},"9":{"name":"(anonymous_10)","decl":{"start":{"line":58,"column":24},"end":{"line":58,"column":27}},"loc":{"start":{"line":58,"column":29},"end":{"line":71,"column":3}}},"10":{"name":"(anonymous_11)","decl":{"start":{"line":73,"column":25},"end":{"line":73,"column":28}},"loc":{"start":{"line":73,"column":30},"end":{"line":79,"column":3}}},"11":{"name":"(anonymous_12)","decl":{"start":{"line":77,"column":17},"end":{"line":77,"column":20}},"loc":{"start":{"line":77,"column":23},"end":{"line":77,"column":50}}}},"branchMap":{"0":{"loc":{"start":{"line":53,"column":6},"end":{"line":53,"column":26}},"type":"cond-expr","locations":[{"start":{"line":53,"column":17},"end":{"line":53,"column":20}},{"start":{"line":53,"column":23},"end":{"line":53,"column":26}}]},"1":{"loc":{"start":{"line":60,"column":4},"end":{"line":62,"column":5}},"type":"if","locations":[{"start":{"line":60,"column":4},"end":{"line":62,"column":5}}]},"2":{"loc":{"start":{"line":64,"column":4},"end":{"line":70,"column":5}},"type":"if","locations":[{"start":{"line":64,"column":4},"end":{"line":70,"column":5}}]},"3":{"loc":{"start":{"line":75,"column":27},"end":{"line":75,"column":45}},"type":"cond-expr","locations":[{"start":{"line":75,"column":38},"end":{"line":75,"column":40}},{"start":{"line":75,"column":43},"end":{"line":75,"column":45}}]},"4":{"loc":{"start":{"line":77,"column":57},"end":{"line":77,"column":77}},"type":"cond-expr","locations":[{"start":{"line":77,"column":68},"end":{"line":77,"column":71}},{"start":{"line":77,"column":74},"end":{"line":77,"column":77}}]},"5":{"loc":{"start":{"line":87,"column":13},"end":{"line":87,"column":66}},"type":"cond-expr","locations":[{"start":{"line":87,"column":26},"end":{"line":87,"column":38}},{"start":{"line":87,"column":41},"end":{"line":87,"column":66}}]},"6":{"loc":{"start":{"line":90,"column":11},"end":{"line":123,"column":null}},"type":"cond-expr","locations":[{"start":{"line":91,"column":12},"end":{"line":117,"column":null}},{"start":{"line":120,"column":12},"end":{"line":122,"column":null}}]},"7":{"loc":{"start":{"line":104,"column":17},"end":{"line":115,"column":null}},"type":"binary-expr","locations":[{"start":{"line":104,"column":17},"end":{"line":104,"column":29}},{"start":{"line":105,"column":18},"end":{"line":112,"column":null}}]},"8":{"loc":{"start":{"line":109,"column":32},"end":{"line":109,"column":69}},"type":"cond-expr","locations":[{"start":{"line":109,"column":46},"end":{"line":109,"column":56}},{"start":{"line":109,"column":59},"end":{"line":109,"column":69}}]}},"s":{"0":1,"1":1,"2":1,"3":1,"4":7,"5":7,"6":7,"7":7,"8":7,"9":7,"10":5,"11":1,"12":5,"13":5,"14":5,"15":7,"16":7,"17":0,"18":0,"19":0,"20":0,"21":0,"22":0,"23":0,"24":0,"25":7,"26":5,"27":5,"28":0,"29":5,"30":5,"31":7,"32":1,"33":1,"34":0,"35":1,"36":1,"37":1,"38":1,"39":7,"40":1,"41":1,"42":1,"43":1,"44":30,"45":0,"46":7},"f":{"0":7,"1":5,"2":1,"3":5,"4":0,"5":0,"6":5,"7":0,"8":5,"9":1,"10":1,"11":0},"b":{"0":[1,4],"1":[0],"2":[1],"3":[0,1],"4":[0,30],"5":[1,6],"6":[6,1],"7":[6,6],"8":[1,5]}}
}
