TN:
SF:src\App.tsx
FN:5,ValentineProposal
FN:12,(anonymous_2)
FN:13,(anonymous_3)
FN:18,(anonymous_4)
FN:32,(anonymous_5)
FN:42,(anonymous_6)
FN:45,(anonymous_7)
FN:48,(anonymous_8)
FN:55,(anonymous_9)
FN:58,(anonymous_10)
FN:73,(anonymous_11)
FN:77,(anonymous_12)
FNF:12
FNH:8
FNDA:7,ValentineProposal
FNDA:5,(anonymous_2)
FNDA:1,(anonymous_3)
FNDA:5,(anonymous_4)
FNDA:0,(anonymous_5)
FNDA:0,(anonymous_6)
FNDA:5,(anonymous_7)
FNDA:0,(anonymous_8)
FNDA:5,(anonymous_9)
FNDA:1,(anonymous_10)
FNDA:1,(anonymous_11)
FNDA:0,(anonymous_12)
DA:1,1
DA:2,1
DA:3,1
DA:5,1
DA:6,7
DA:7,7
DA:8,7
DA:9,7
DA:10,7
DA:12,7
DA:13,5
DA:14,1
DA:17,5
DA:18,5
DA:21,7
DA:32,7
DA:33,0
DA:34,0
DA:35,0
DA:37,0
DA:38,0
DA:40,0
DA:42,0
DA:45,7
DA:46,5
DA:47,5
DA:49,0
DA:55,5
DA:58,7
DA:59,1
DA:60,1
DA:61,0
DA:63,1
DA:64,1
DA:65,1
DA:66,1
DA:73,7
DA:74,1
DA:75,1
DA:76,1
DA:77,30
DA:81,7
LF:42
LH:33
BRDA:53,0,0,1
BRDA:53,0,1,4
BRDA:60,1,0,0
BRDA:64,2,0,1
BRDA:75,3,0,0
BRDA:75,3,1,1
BRDA:77,4,0,0
BRDA:77,4,1,30
BRDA:87,5,0,1
BRDA:87,5,1,6
BRDA:90,6,0,6
BRDA:90,6,1,1
BRDA:104,7,0,6
BRDA:104,7,1,6
BRDA:109,8,0,1
BRDA:109,8,1,5
BRF:16
BRH:13
end_of_record
